10:12:09.250 [pool-1-thread-2] INFO  com.intuit.karate - karate.env system property was: null 
10:12:09.250 [pool-1-thread-3] INFO  com.intuit.karate - karate.env system property was: null 
10:12:09.249 [pool-1-thread-1] INFO  com.intuit.karate - karate.env system property was: null 
10:12:09.522 [pool-1-thread-3] INFO  com.intuit.karate - >> lock acquired, begin callonce: read('classpath:helpers/validatePcap.feature')
10:12:09.524 [pool-1-thread-1] INFO  com.intuit.karate - >> lock acquired, begin callonce: read('classpath:helpers/createToken.feature')
10:12:09.526 [pool-1-thread-2] INFO  com.intuit.karate - >> lock acquired, begin callonce: read('classpath:helpers/createToken.feature')
10:12:09.692 [pool-1-thread-3] INFO  com.intuit.karate - << lock released, cached callonce: read('classpath:helpers/validatePcap.feature')
10:12:12.717 [pool-1-thread-1] INFO  com.intuit.karate - << lock released, cached callonce: read('classpath:helpers/createToken.feature')
10:12:12.750 [pool-1-thread-2] INFO  com.intuit.karate - << lock released, cached callonce: read('classpath:helpers/createToken.feature')
10:12:15.402 [pool-1-thread-4] INFO  com.intuit.karate - karate.env system property was: null 
10:12:15.933 [pool-1-thread-5] INFO  com.intuit.karate - karate.env system property was: null 
10:12:16.495 [pool-1-thread-3] INFO  com.intuit.karate - karate.env system property was: null 
10:12:16.913 [pool-1-thread-4] INFO  com.intuit.karate - karate.env system property was: null 
10:12:17.319 [pool-1-thread-5] INFO  com.intuit.karate - karate.env system property was: null 
10:12:17.753 [pool-1-thread-2] INFO  com.intuit.karate - karate.env system property was: null 
10:12:18.219 [pool-1-thread-3] INFO  com.intuit.karate - karate.env system property was: null 
10:12:18.644 [pool-1-thread-3] INFO  com.intuit.karate - karate.env system property was: null 
10:12:18.651 [pool-1-thread-3] INFO  com.intuit.karate - >> lock acquired, begin callonce: read('classpath:helpers/createToken.feature')
10:12:18.685 [pool-1-thread-4] INFO  com.intuit.karate - karate.env system property was: null 
10:12:19.148 [pool-1-thread-1] INFO  com.intuit.karate - karate.env system property was: null 
10:12:19.283 [pool-2-thread-1] INFO  com.intuit.karate.Suite - <<pass>> feature 1 of 4 (3 remaining) classpath:automationHaud/feature/dataBase.feature
10:12:19.480 [pool-1-thread-3] INFO  com.intuit.karate - << lock released, cached callonce: read('classpath:helpers/createToken.feature')
10:12:19.863 [pool-2-thread-1] INFO  com.intuit.karate.Suite - <<pass>> feature 2 of 4 (2 remaining) classpath:automationHaud/feature/redis.feature
10:12:29.593 [pool-1-thread-5] INFO  com.intuit.karate - karate.env system property was: null 
10:12:34.213 [pool-1-thread-5] INFO  com.intuit.karate - [print] 10531   4.496551 172.20.0.205 → 172.20.0.230 SMPP 204 SMPP Submit_sm
16921   7.541671 172.20.0.230 → 172.20.0.205 SMPP 298 SMPP Deliver_sm
 
10:12:34.629 [pool-1-thread-2] INFO  com.intuit.karate - karate.env system property was: null 
10:12:39.850 [pool-1-thread-2] INFO  com.intuit.karate - [print] [
  {
    "_index": "packets-2021-08-18",
    "_type": "pcap_file",
    "_score": null,
    "_source": {
      "layers": {
        "frame": {
          "frame.encap_type": "25",
          "frame.time": "Aug 18, 2021 04:42:20.136813000 UTC",
          "frame.offset_shift": "0.000000000",
          "frame.time_epoch": "1629261740.136813000",
          "frame.time_delta": "0.000426000",
          "frame.time_delta_displayed": "0.000000000",
          "frame.time_relative": "4.496551000",
          "frame.number": "10531",
          "frame.len": "204",
          "frame.cap_len": "204",
          "frame.marked": "0",
          "frame.ignored": "0",
          "frame.protocols": "sll:ethertype:ip:tcp:smpp"
        },
        "sll": {
          "sll.pkttype": "3",
          "sll.hatype": "1",
          "sll.halen": "6",
          "sll.src.eth": "02:42:ac:14:00:cd",
          "sll.unused": "00:00",
          "sll.etype": "0x00000800"
        },
        "ip": {
          "ip.version": "4",
          "ip.hdr_len": "20",
          "ip.dsfield": "0x00000000",
          "ip.dsfield_tree": {
            "ip.dsfield.dscp": "0",
            "ip.dsfield.ecn": "0"
          },
          "ip.len": "188",
          "ip.id": "0x00007483",
          "ip.flags": "0x00004000",
          "ip.flags_tree": {
            "ip.flags.rb": "0",
            "ip.flags.df": "1",
            "ip.flags.mf": "0",
            "ip.frag_offset": "0"
          },
          "ip.ttl": "64",
          "ip.proto": "6",
          "ip.checksum": "0x00006bdd",
          "ip.checksum.status": "2",
          "ip.src": "172.20.0.205",
          "ip.addr": "172.20.0.230",
          "ip.src_host": "172.20.0.205",
          "ip.host": "172.20.0.230",
          "ip.dst": "172.20.0.230",
          "ip.dst_host": "172.20.0.230"
        },
        "tcp": {
          "tcp.srcport": "47112",
          "tcp.dstport": "2775",
          "tcp.port": "2775",
          "tcp.stream": "256",
          "tcp.len": "136",
          "tcp.seq": "50",
          "tcp.nxtseq": "186",
          "tcp.ack": "44",
          "tcp.hdr_len": "32",
          "tcp.flags": "0x00000018",
          "tcp.flags_tree": {
            "tcp.flags.res": "0",
            "tcp.flags.ns": "0",
            "tcp.flags.cwr": "0",
            "tcp.flags.ecn": "0",
            "tcp.flags.urg": "0",
            "tcp.flags.ack": "1",
            "tcp.flags.push": "1",
            "tcp.flags.reset": "0",
            "tcp.flags.syn": "0",
            "tcp.flags.fin": "0",
            "tcp.flags.str": "Â·Â·Â·Â·Â·Â·Â·APÂ·Â·Â·"
          },
          "tcp.window_size_value": "502",
          "tcp.window_size": "64256",
          "tcp.window_size_scalefactor": "128",
          "tcp.checksum": "0x00005a8a",
          "tcp.checksum.status": "2",
          "tcp.urgent_pointer": "0",
          "tcp.options": "01:01:08:0a:cb:e1:d5:1c:2d:42:7a:e3",
          "tcp.options_tree": {
            "tcp.options.nop": "01",
            "tcp.options.nop_tree": {
              "tcp.option_kind": "1"
            },
            "tcp.options.timestamp": "08:0a:cb:e1:d5:1c:2d:42:7a:e3",
            "tcp.options.timestamp_tree": {
              "tcp.option_kind": "8",
              "tcp.option_len": "10",
              "tcp.options.timestamp.tsval": "3420575004",
              "tcp.options.timestamp.tsecr": "759331555"
            }
          },
          "tcp.analysis": {
            "tcp.analysis.initial_rtt": "0.000073000",
            "tcp.analysis.bytes_in_flight": "136",
            "tcp.analysis.push_bytes_sent": "136"
          },
          "Timestamps": {
            "tcp.time_relative": "2.253544000",
            "tcp.time_delta": "1.316164000"
          },
          "tcp.payload": "00:00:00:88:00:00:00:04:00:00:00:00:00:00:00:02:53:4d:50:50:00:02:04:33:35:36:39:39:35:32:33:33:38:30:00:01:01:33:35:36:39:39:35:32:33:33:36:35:00:03:00:00:00:00:01:00:03:00:00:3f:01:00:25:62:37:64:65:32:66:35:61:2d:66:64:63:62:2d:34:33:35:61:2d:38:31:31:63:2d:38:38:64:62:38:31:31:61:38:35:31:61:00:04:24:00:20:73:61:6d:70:6c:65:20:73:6d:70:70:20:6d:65:73:73:61:67:65:20:75:73:69:6e:67:20:6b:61:72:61:74:65",
          "tcp.pdu.size": "136"
        },
        "smpp": {
          "smpp.command_length": "136",
          "smpp.command_id": "0x00000004",
          "smpp.sequence_number": "2",
          "smpp.service_type": "SMPP",
          "smpp.source_addr_ton": "0x00000002",
          "smpp.source_addr_npi": "0x00000004",
          "smpp.source_addr": "35699523380",
          "smpp.dest_addr_ton": "0x00000001",
          "smpp.dest_addr_npi": "0x00000001",
          "smpp.destination_addr": "35699523365",
          "smpp.esm.submit.msg_mode": "0x00000003",
          "smpp.esm.submit.msg_type": "0x00000000",
          "smpp.esm.submit.features": "0x00000000",
          "smpp.protocol_id": "0x00000000",
          "smpp.priority_flag": "0x00000000",
          "smpp.schedule_delivery_time_r": "0.000000000",
          "smpp.validity_period_r": "0.000000000",
          "smpp.regdel.receipt": "0x00000001",
          "smpp.regdel.acks": "0x00000000",
          "smpp.regdel.notif": "0x00000000",
          "smpp.replace_if_present_flag": "0x00000000",
          "smpp.data_coding": "0x00000003",
          "smpp.data_coding_tree": {
            "smpp.dcs": "0x00000003",
            "GSM SMS Data Coding": {
              "smpp.dcs.sms_coding_group": "0x00000000",
              "smpp.dcs.text_compression": "0",
              "smpp.dcs.class_present": "0",
              "smpp.dcs.charset": "0x00000000"
            },
            "GSM CBS Data Coding": {
              "smpp.dcs.cbs_coding_group": "0x00000000",
              "smpp.dcs.cbs_language": "0x00000003"
            }
          },
          "smpp.sm_default_msg_id": "0",
          "smpp.sm_length": "0",
          "smpp.opt_params": {
            "smpp.opt_param": {
              "smpp.opt_param_tag": "0x00000424",
              "smpp.opt_param_len": "32",
              "smpp.message_payload": ""
            }
          }
        }
      }
    }
  }
]
 
10:12:41.026 [pool-2-thread-1] INFO  com.intuit.karate.Suite - <<pass>> feature 3 of 4 (1 remaining) classpath:automationHaud/feature/sendSmppSMS.feature
10:12:41.273 [pool-2-thread-1] INFO  com.intuit.karate.Suite - <<pass>> feature 4 of 4 (0 remaining) classpath:automationHaud/feature/users.feature
